0 info it worked if it ends with ok
1 verbose cli [ 'C:\\Program Files (x86)\\nodejs\\\\node.exe',
1 verbose cli   'C:\\Program Files (x86)\\nodejs\\node_modules\\npm\\bin\\npm-cli.js',
1 verbose cli   'install',
1 verbose cli   'webdriver_update' ]
2 info using npm@1.4.28
3 info using node@v0.10.36
4 verbose node symlink C:\Program Files (x86)\nodejs\\node.exe
5 warn package.json projectManagment@0.0.0 No description
6 warn package.json projectManagment@0.0.0 No repository field.
7 warn package.json projectManagment@0.0.0 No README data
8 verbose readDependencies using package.json deps
9 verbose cache add [ 'webdriver_update', null ]
10 verbose cache add name=undefined spec="webdriver_update" args=["webdriver_update",null]
11 verbose parsed url { protocol: null,
11 verbose parsed url   slashes: null,
11 verbose parsed url   auth: null,
11 verbose parsed url   host: null,
11 verbose parsed url   port: null,
11 verbose parsed url   hostname: null,
11 verbose parsed url   hash: null,
11 verbose parsed url   search: null,
11 verbose parsed url   query: null,
11 verbose parsed url   pathname: 'webdriver_update',
11 verbose parsed url   path: 'webdriver_update',
11 verbose parsed url   href: 'webdriver_update' }
12 silly lockFile a62912f9-webdriver-update webdriver_update
13 verbose lock webdriver_update C:\Users\nbogusiewicz\AppData\Roaming\npm-cache\a62912f9-webdriver-update.lock
14 silly lockFile a62912f9-webdriver-update webdriver_update
15 silly lockFile a62912f9-webdriver-update webdriver_update
16 verbose addNamed [ 'webdriver_update', '' ]
17 verbose addNamed [ null, '*' ]
18 silly lockFile b8542f3b-webdriver-update webdriver_update@
19 verbose lock webdriver_update@ C:\Users\nbogusiewicz\AppData\Roaming\npm-cache\b8542f3b-webdriver-update.lock
20 silly addNameRange { name: 'webdriver_update', range: '*', hasData: false }
21 verbose request where is /webdriver_update
22 verbose request registry https://registry.npmjs.org/
23 verbose request id c434e27739bd7fba
24 verbose url raw /webdriver_update
25 verbose url resolving [ 'https://registry.npmjs.org/', './webdriver_update' ]
26 verbose url resolved https://registry.npmjs.org/webdriver_update
27 verbose request where is https://registry.npmjs.org/webdriver_update
28 info trying registry request attempt 1 at 22:33:15
29 http GET https://registry.npmjs.org/webdriver_update
30 http 404 https://registry.npmjs.org/webdriver_update
31 verbose headers { server: 'CouchDB/1.5.0 (Erlang OTP/R16B03)',
31 verbose headers   'content-type': 'application/json',
31 verbose headers   'cache-control': 'max-age=0',
31 verbose headers   'content-length': '51',
31 verbose headers   'accept-ranges': 'bytes',
31 verbose headers   date: 'Fri, 15 May 2015 20:33:14 GMT',
31 verbose headers   via: '1.1 varnish',
31 verbose headers   age: '0',
31 verbose headers   connection: 'keep-alive',
31 verbose headers   'x-served-by': 'cache-ams4124-AMS',
31 verbose headers   'x-cache': 'MISS',
31 verbose headers   'x-cache-hits': '0',
31 verbose headers   'x-timer': 'S1431721994.222904,VS0,VE386' }
32 silly registry.get cb [ 404,
32 silly registry.get   { server: 'CouchDB/1.5.0 (Erlang OTP/R16B03)',
32 silly registry.get     'content-type': 'application/json',
32 silly registry.get     'cache-control': 'max-age=0',
32 silly registry.get     'content-length': '51',
32 silly registry.get     'accept-ranges': 'bytes',
32 silly registry.get     date: 'Fri, 15 May 2015 20:33:14 GMT',
32 silly registry.get     via: '1.1 varnish',
32 silly registry.get     age: '0',
32 silly registry.get     connection: 'keep-alive',
32 silly registry.get     'x-served-by': 'cache-ams4124-AMS',
32 silly registry.get     'x-cache': 'MISS',
32 silly registry.get     'x-cache-hits': '0',
32 silly registry.get     'x-timer': 'S1431721994.222904,VS0,VE386' } ]
33 silly lockFile b8542f3b-webdriver-update webdriver_update@
34 silly lockFile b8542f3b-webdriver-update webdriver_update@
35 error 404 404 Not Found: webdriver_update
35 error 404
35 error 404 'webdriver_update' is not in the npm registry.
35 error 404 You should bug the author to publish it
35 error 404 It was specified as a dependency of 'projectManagment'
35 error 404
35 error 404 Note that you can also install from a
35 error 404 tarball, folder, or http url, or git url.
36 error System Windows_NT 6.2.9200
37 error command "C:\\Program Files (x86)\\nodejs\\\\node.exe" "C:\\Program Files (x86)\\nodejs\\node_modules\\npm\\bin\\npm-cli.js" "install" "webdriver_update"
38 error cwd C:\Users\nbogusiewicz\Desktop\New folder
39 error node -v v0.10.36
40 error npm -v 1.4.28
41 error code E404
42 verbose exit [ 1, true ]
